have_header: checking for vm_core.h... -------------------- no

PATH=".;C:/Ruby32-x64/lib;C:\Ruby32-x64\bin;C:\Ruby32-x64\msys64\ucrt64\bin;C:\Ruby32-x64\msys64\usr\bin;C:\Ruby32-x64\bin;C:\Program Files\Common Files\Oracle\Java\javapath;C:\Program Files (x86)\Common Files\Oracle\Java\javapath;C:\Windows\system32;C:\Windows;C:\Windows\System32\Wbem;C:\Windows\System32\WindowsPowerShell\v1.0\;C:\Windows\System32\OpenSSH\;C:\Program Files\NVIDIA Corporation\NVIDIA NvDLISR;C:\WINDOWS\system32;C:\WINDOWS;C:\WINDOWS\System32\Wbem;C:\WINDOWS\System32\WindowsPowerShell\v1.0\;C:\WINDOWS\System32\OpenSSH\;C:\Program Files (x86)\dotnet\;C:\Program Files\dotnet\;C:\Program Files\Git\cmd;C:\Program Files\Microsoft SQL Server\Client SDK\ODBC\170\Tools\Binn\;C:\Program Files (x86)\Microsoft SQL Server\150\Tools\Binn\;C:\Program Files\Microsoft SQL Server\150\Tools\Binn\;C:\Program Files\Microsoft SQL Server\150\DTS\Binn\;C:\Program Files\PostgreSQL\15\bin;C:\php-8.2.0-nts;C:\ProgramData\ComposerSetup\bin;C:\Program Files\swift\icu-69.1\usr\bin;C:\Program Files\swift\runtime-development\usr\bin;C:\Library\Developer\Toolchains\unknown-Asserts-development.xctoolchain\usr\bin;C:\Users\waros\AppData\Local\Programs\Python\Python310\Scripts;C:\Users\waros\AppData\Local\Programs\Python\Python310;C:\Program Files\Java\jdk-20\bin;C:\Program Files\Azure Data Studio\bin;C:\Program Files (x86)\Microsoft SQL Server\160\DTS\Binn\;C:\Users\waros\AppData\Roaming\npm;C:\Program Files\nodejs\;C:\Program Files\Go\bin;C:\Program Files (x86)\NVIDIA Corporation\PhysX\Common;C:\Program Files\Docker\Docker\resources\bin;C:\Program Files\MySQL\MySQL Shell 8.0\bin\;C:\Users\waros\AppData\Local\Microsoft\WindowsApps;C:\Users\waros\AppData\Local\Programs\Microsoft VS Code\bin;C:\Program Files\PostgreSQL\15\bin;C:\php-8.2.0-nts;C:\Users\waros\AppData\Roaming\Composer\vendor\bin;C:\Users\waros\AppData\Local\Programs\Python\Python310;C:\Users\waros\AppData\Local\Programs\Python\Python310\Scripts;C:\Program Files\Java\jdk-20\bin;;C:\Program Files\Azure Data Studio\bin;C:\Users\waros\AppData\Roaming\npm;C:\Users\waros\go\bin" "gcc -o conftest.exe -IC:/Ruby32-x64/include/ruby-3.2.0/x64-mingw-ucrt -IC:/Ruby32-x64/include/ruby-3.2.0/ruby/backward -IC:/Ruby32-x64/include/ruby-3.2.0 -I. -D__USE_MINGW_ANSI_STDIO=1 -DFD_SETSIZE=2048 -D_WIN32_WINNT=0x0600 -D__MINGW_USE_VC2005_COMPAT -D_FILE_OFFSET_BITS=64  -O3 -fno-fast-math -fstack-protector-strong conftest.c  -L. -LC:/Ruby32-x64/lib -L. -pipe -s -fstack-protector-strong -Wl,--no-as-needed  -m64   -lx64-ucrt-ruby320  -lshell32 -lws2_32 -liphlpapi -limagehlp -lshlwapi -lbcrypt  "
checked program was:
/* begin */
1: #include "ruby.h"
2: 
3: #include <winsock2.h>
4: #include <windows.h>
5: int main(int argc, char **argv)
6: {
7:   return !!argv[argc];
8: }
/* end */

PATH=".;C:/Ruby32-x64/lib;C:\Ruby32-x64\bin;C:\Ruby32-x64\msys64\ucrt64\bin;C:\Ruby32-x64\msys64\usr\bin;C:\Ruby32-x64\bin;C:\Program Files\Common Files\Oracle\Java\javapath;C:\Program Files (x86)\Common Files\Oracle\Java\javapath;C:\Windows\system32;C:\Windows;C:\Windows\System32\Wbem;C:\Windows\System32\WindowsPowerShell\v1.0\;C:\Windows\System32\OpenSSH\;C:\Program Files\NVIDIA Corporation\NVIDIA NvDLISR;C:\WINDOWS\system32;C:\WINDOWS;C:\WINDOWS\System32\Wbem;C:\WINDOWS\System32\WindowsPowerShell\v1.0\;C:\WINDOWS\System32\OpenSSH\;C:\Program Files (x86)\dotnet\;C:\Program Files\dotnet\;C:\Program Files\Git\cmd;C:\Program Files\Microsoft SQL Server\Client SDK\ODBC\170\Tools\Binn\;C:\Program Files (x86)\Microsoft SQL Server\150\Tools\Binn\;C:\Program Files\Microsoft SQL Server\150\Tools\Binn\;C:\Program Files\Microsoft SQL Server\150\DTS\Binn\;C:\Program Files\PostgreSQL\15\bin;C:\php-8.2.0-nts;C:\ProgramData\ComposerSetup\bin;C:\Program Files\swift\icu-69.1\usr\bin;C:\Program Files\swift\runtime-development\usr\bin;C:\Library\Developer\Toolchains\unknown-Asserts-development.xctoolchain\usr\bin;C:\Users\waros\AppData\Local\Programs\Python\Python310\Scripts;C:\Users\waros\AppData\Local\Programs\Python\Python310;C:\Program Files\Java\jdk-20\bin;C:\Program Files\Azure Data Studio\bin;C:\Program Files (x86)\Microsoft SQL Server\160\DTS\Binn\;C:\Users\waros\AppData\Roaming\npm;C:\Program Files\nodejs\;C:\Program Files\Go\bin;C:\Program Files (x86)\NVIDIA Corporation\PhysX\Common;C:\Program Files\Docker\Docker\resources\bin;C:\Program Files\MySQL\MySQL Shell 8.0\bin\;C:\Users\waros\AppData\Local\Microsoft\WindowsApps;C:\Users\waros\AppData\Local\Programs\Microsoft VS Code\bin;C:\Program Files\PostgreSQL\15\bin;C:\php-8.2.0-nts;C:\Users\waros\AppData\Roaming\Composer\vendor\bin;C:\Users\waros\AppData\Local\Programs\Python\Python310;C:\Users\waros\AppData\Local\Programs\Python\Python310\Scripts;C:\Program Files\Java\jdk-20\bin;;C:\Program Files\Azure Data Studio\bin;C:\Users\waros\AppData\Roaming\npm;C:\Users\waros\go\bin" "gcc -IC:/Ruby32-x64/include/ruby-3.2.0/x64-mingw-ucrt -IC:/Ruby32-x64/include/ruby-3.2.0/ruby/backward -IC:/Ruby32-x64/include/ruby-3.2.0 -I. -D__USE_MINGW_ANSI_STDIO=1 -DFD_SETSIZE=2048 -D_WIN32_WINNT=0x0600 -D__MINGW_USE_VC2005_COMPAT -D_FILE_OFFSET_BITS=64  -O3 -fno-fast-math -fstack-protector-strong -m64  -c conftest.c"
conftest.c:5:10: fatal error: vm_core.h: No such file or directory
    5 | #include <vm_core.h>
      |          ^~~~~~~~~~~
compilation terminated.
checked program was:
/* begin */
1: #include "ruby.h"
2: 
3: #include <winsock2.h>
4: #include <windows.h>
5: #include <vm_core.h>
/* end */

--------------------

have_header: checking for vm_core.h... -------------------- no

PATH=".;C:/Ruby32-x64/lib;C:\Ruby32-x64\bin;C:\Ruby32-x64\msys64\ucrt64\bin;C:\Ruby32-x64\msys64\usr\bin;C:\Ruby32-x64\bin;C:\Program Files\Common Files\Oracle\Java\javapath;C:\Program Files (x86)\Common Files\Oracle\Java\javapath;C:\Windows\system32;C:\Windows;C:\Windows\System32\Wbem;C:\Windows\System32\WindowsPowerShell\v1.0\;C:\Windows\System32\OpenSSH\;C:\Program Files\NVIDIA Corporation\NVIDIA NvDLISR;C:\WINDOWS\system32;C:\WINDOWS;C:\WINDOWS\System32\Wbem;C:\WINDOWS\System32\WindowsPowerShell\v1.0\;C:\WINDOWS\System32\OpenSSH\;C:\Program Files (x86)\dotnet\;C:\Program Files\dotnet\;C:\Program Files\Git\cmd;C:\Program Files\Microsoft SQL Server\Client SDK\ODBC\170\Tools\Binn\;C:\Program Files (x86)\Microsoft SQL Server\150\Tools\Binn\;C:\Program Files\Microsoft SQL Server\150\Tools\Binn\;C:\Program Files\Microsoft SQL Server\150\DTS\Binn\;C:\Program Files\PostgreSQL\15\bin;C:\php-8.2.0-nts;C:\ProgramData\ComposerSetup\bin;C:\Program Files\swift\icu-69.1\usr\bin;C:\Program Files\swift\runtime-development\usr\bin;C:\Library\Developer\Toolchains\unknown-Asserts-development.xctoolchain\usr\bin;C:\Users\waros\AppData\Local\Programs\Python\Python310\Scripts;C:\Users\waros\AppData\Local\Programs\Python\Python310;C:\Program Files\Java\jdk-20\bin;C:\Program Files\Azure Data Studio\bin;C:\Program Files (x86)\Microsoft SQL Server\160\DTS\Binn\;C:\Users\waros\AppData\Roaming\npm;C:\Program Files\nodejs\;C:\Program Files\Go\bin;C:\Program Files (x86)\NVIDIA Corporation\PhysX\Common;C:\Program Files\Docker\Docker\resources\bin;C:\Program Files\MySQL\MySQL Shell 8.0\bin\;C:\Users\waros\AppData\Local\Microsoft\WindowsApps;C:\Users\waros\AppData\Local\Programs\Microsoft VS Code\bin;C:\Program Files\PostgreSQL\15\bin;C:\php-8.2.0-nts;C:\Users\waros\AppData\Roaming\Composer\vendor\bin;C:\Users\waros\AppData\Local\Programs\Python\Python310;C:\Users\waros\AppData\Local\Programs\Python\Python310\Scripts;C:\Program Files\Java\jdk-20\bin;;C:\Program Files\Azure Data Studio\bin;C:\Users\waros\AppData\Roaming\npm;C:\Users\waros\go\bin" "gcc -IC:/Ruby32-x64/include/ruby-3.2.0/x64-mingw-ucrt -IC:/Ruby32-x64/include/ruby-3.2.0/ruby/backward -IC:/Ruby32-x64/include/ruby-3.2.0 -I. -IC:/Ruby32-x64/include/ruby-3.2.0/ruby-3.2.2-p53 -O3 -fno-fast-math -fstack-protector-strong -m64  -c conftest.c"
conftest.c:5:10: fatal error: vm_core.h: No such file or directory
    5 | #include <vm_core.h>
      |          ^~~~~~~~~~~
compilation terminated.
checked program was:
/* begin */
1: #include "ruby.h"
2: 
3: #include <winsock2.h>
4: #include <windows.h>
5: #include <vm_core.h>
/* end */

--------------------

have_header: checking for vm_core.h... -------------------- yes

PATH=".;C:/Ruby32-x64/lib;C:\Ruby32-x64\bin;C:\Ruby32-x64\msys64\ucrt64\bin;C:\Ruby32-x64\msys64\usr\bin;C:\Ruby32-x64\bin;C:\Program Files\Common Files\Oracle\Java\javapath;C:\Program Files (x86)\Common Files\Oracle\Java\javapath;C:\Windows\system32;C:\Windows;C:\Windows\System32\Wbem;C:\Windows\System32\WindowsPowerShell\v1.0\;C:\Windows\System32\OpenSSH\;C:\Program Files\NVIDIA Corporation\NVIDIA NvDLISR;C:\WINDOWS\system32;C:\WINDOWS;C:\WINDOWS\System32\Wbem;C:\WINDOWS\System32\WindowsPowerShell\v1.0\;C:\WINDOWS\System32\OpenSSH\;C:\Program Files (x86)\dotnet\;C:\Program Files\dotnet\;C:\Program Files\Git\cmd;C:\Program Files\Microsoft SQL Server\Client SDK\ODBC\170\Tools\Binn\;C:\Program Files (x86)\Microsoft SQL Server\150\Tools\Binn\;C:\Program Files\Microsoft SQL Server\150\Tools\Binn\;C:\Program Files\Microsoft SQL Server\150\DTS\Binn\;C:\Program Files\PostgreSQL\15\bin;C:\php-8.2.0-nts;C:\ProgramData\ComposerSetup\bin;C:\Program Files\swift\icu-69.1\usr\bin;C:\Program Files\swift\runtime-development\usr\bin;C:\Library\Developer\Toolchains\unknown-Asserts-development.xctoolchain\usr\bin;C:\Users\waros\AppData\Local\Programs\Python\Python310\Scripts;C:\Users\waros\AppData\Local\Programs\Python\Python310;C:\Program Files\Java\jdk-20\bin;C:\Program Files\Azure Data Studio\bin;C:\Program Files (x86)\Microsoft SQL Server\160\DTS\Binn\;C:\Users\waros\AppData\Roaming\npm;C:\Program Files\nodejs\;C:\Program Files\Go\bin;C:\Program Files (x86)\NVIDIA Corporation\PhysX\Common;C:\Program Files\Docker\Docker\resources\bin;C:\Program Files\MySQL\MySQL Shell 8.0\bin\;C:\Users\waros\AppData\Local\Microsoft\WindowsApps;C:\Users\waros\AppData\Local\Programs\Microsoft VS Code\bin;C:\Program Files\PostgreSQL\15\bin;C:\php-8.2.0-nts;C:\Users\waros\AppData\Roaming\Composer\vendor\bin;C:\Users\waros\AppData\Local\Programs\Python\Python310;C:\Users\waros\AppData\Local\Programs\Python\Python310\Scripts;C:\Program Files\Java\jdk-20\bin;;C:\Program Files\Azure Data Studio\bin;C:\Users\waros\AppData\Roaming\npm;C:\Users\waros\go\bin" "gcc -IC:/Ruby32-x64/include/ruby-3.2.0/x64-mingw-ucrt -IC:/Ruby32-x64/include/ruby-3.2.0/ruby/backward -IC:/Ruby32-x64/include/ruby-3.2.0 -I. -ID:/develop/markdown/backend/vendor/bundle/ruby/3.2.0/gems/debase-ruby_core_source-3.3.1/lib/debase/ruby_core_source/ruby-3.2.0-p0 -O3 -fno-fast-math -fstack-protector-strong -m64  -c conftest.c"
checked program was:
/* begin */
1: #include "ruby.h"
2: 
3: #include <winsock2.h>
4: #include <windows.h>
5: #include <vm_core.h>
/* end */

--------------------

have_header: checking for iseq.h... -------------------- yes

PATH=".;C:/Ruby32-x64/lib;C:\Ruby32-x64\bin;C:\Ruby32-x64\msys64\ucrt64\bin;C:\Ruby32-x64\msys64\usr\bin;C:\Ruby32-x64\bin;C:\Program Files\Common Files\Oracle\Java\javapath;C:\Program Files (x86)\Common Files\Oracle\Java\javapath;C:\Windows\system32;C:\Windows;C:\Windows\System32\Wbem;C:\Windows\System32\WindowsPowerShell\v1.0\;C:\Windows\System32\OpenSSH\;C:\Program Files\NVIDIA Corporation\NVIDIA NvDLISR;C:\WINDOWS\system32;C:\WINDOWS;C:\WINDOWS\System32\Wbem;C:\WINDOWS\System32\WindowsPowerShell\v1.0\;C:\WINDOWS\System32\OpenSSH\;C:\Program Files (x86)\dotnet\;C:\Program Files\dotnet\;C:\Program Files\Git\cmd;C:\Program Files\Microsoft SQL Server\Client SDK\ODBC\170\Tools\Binn\;C:\Program Files (x86)\Microsoft SQL Server\150\Tools\Binn\;C:\Program Files\Microsoft SQL Server\150\Tools\Binn\;C:\Program Files\Microsoft SQL Server\150\DTS\Binn\;C:\Program Files\PostgreSQL\15\bin;C:\php-8.2.0-nts;C:\ProgramData\ComposerSetup\bin;C:\Program Files\swift\icu-69.1\usr\bin;C:\Program Files\swift\runtime-development\usr\bin;C:\Library\Developer\Toolchains\unknown-Asserts-development.xctoolchain\usr\bin;C:\Users\waros\AppData\Local\Programs\Python\Python310\Scripts;C:\Users\waros\AppData\Local\Programs\Python\Python310;C:\Program Files\Java\jdk-20\bin;C:\Program Files\Azure Data Studio\bin;C:\Program Files (x86)\Microsoft SQL Server\160\DTS\Binn\;C:\Users\waros\AppData\Roaming\npm;C:\Program Files\nodejs\;C:\Program Files\Go\bin;C:\Program Files (x86)\NVIDIA Corporation\PhysX\Common;C:\Program Files\Docker\Docker\resources\bin;C:\Program Files\MySQL\MySQL Shell 8.0\bin\;C:\Users\waros\AppData\Local\Microsoft\WindowsApps;C:\Users\waros\AppData\Local\Programs\Microsoft VS Code\bin;C:\Program Files\PostgreSQL\15\bin;C:\php-8.2.0-nts;C:\Users\waros\AppData\Roaming\Composer\vendor\bin;C:\Users\waros\AppData\Local\Programs\Python\Python310;C:\Users\waros\AppData\Local\Programs\Python\Python310\Scripts;C:\Program Files\Java\jdk-20\bin;;C:\Program Files\Azure Data Studio\bin;C:\Users\waros\AppData\Roaming\npm;C:\Users\waros\go\bin" "gcc -IC:/Ruby32-x64/include/ruby-3.2.0/x64-mingw-ucrt -IC:/Ruby32-x64/include/ruby-3.2.0/ruby/backward -IC:/Ruby32-x64/include/ruby-3.2.0 -I. -ID:/develop/markdown/backend/vendor/bundle/ruby/3.2.0/gems/debase-ruby_core_source-3.3.1/lib/debase/ruby_core_source/ruby-3.2.0-p0 -O3 -fno-fast-math -fstack-protector-strong -m64  -c conftest.c"
In file included from D:/develop/markdown/backend/vendor/bundle/ruby/3.2.0/gems/debase-ruby_core_source-3.3.1/lib/debase/ruby_core_source/ruby-3.2.0-p0/method.h:15,
                 from D:/develop/markdown/backend/vendor/bundle/ruby/3.2.0/gems/debase-ruby_core_source-3.3.1/lib/debase/ruby_core_source/ruby-3.2.0-p0/vm_core.h:97,
                 from D:/develop/markdown/backend/vendor/bundle/ruby/3.2.0/gems/debase-ruby_core_source-3.3.1/lib/debase/ruby_core_source/ruby-3.2.0-p0/iseq.h:14,
                 from conftest.c:5:
D:/develop/markdown/backend/vendor/bundle/ruby/3.2.0/gems/debase-ruby_core_source-3.3.1/lib/debase/ruby_core_source/ruby-3.2.0-p0/internal/imemo.h: In function 'MEMO_V1_SET':
D:/develop/markdown/backend/vendor/bundle/ruby/3.2.0/gems/debase-ruby_core_source-3.3.1/lib/debase/ruby_core_source/ruby-3.2.0-p0/internal/imemo.h:233:5: warning: implicit declaration of function 'RB_OBJ_WRITE'; did you mean 'RB_OBJ_WRITTEN'? [-Wimplicit-function-declaration]
  233 |     RB_OBJ_WRITE(m, &m->v1, v);
      |     ^~~~~~~~~~~~
      |     RB_OBJ_WRITTEN
checked program was:
/* begin */
1: #include "ruby.h"
2: 
3: #include <winsock2.h>
4: #include <windows.h>
5: #include <iseq.h>
/* end */

--------------------

have_header: checking for version.h... -------------------- yes

PATH=".;C:/Ruby32-x64/lib;C:\Ruby32-x64\bin;C:\Ruby32-x64\msys64\ucrt64\bin;C:\Ruby32-x64\msys64\usr\bin;C:\Ruby32-x64\bin;C:\Program Files\Common Files\Oracle\Java\javapath;C:\Program Files (x86)\Common Files\Oracle\Java\javapath;C:\Windows\system32;C:\Windows;C:\Windows\System32\Wbem;C:\Windows\System32\WindowsPowerShell\v1.0\;C:\Windows\System32\OpenSSH\;C:\Program Files\NVIDIA Corporation\NVIDIA NvDLISR;C:\WINDOWS\system32;C:\WINDOWS;C:\WINDOWS\System32\Wbem;C:\WINDOWS\System32\WindowsPowerShell\v1.0\;C:\WINDOWS\System32\OpenSSH\;C:\Program Files (x86)\dotnet\;C:\Program Files\dotnet\;C:\Program Files\Git\cmd;C:\Program Files\Microsoft SQL Server\Client SDK\ODBC\170\Tools\Binn\;C:\Program Files (x86)\Microsoft SQL Server\150\Tools\Binn\;C:\Program Files\Microsoft SQL Server\150\Tools\Binn\;C:\Program Files\Microsoft SQL Server\150\DTS\Binn\;C:\Program Files\PostgreSQL\15\bin;C:\php-8.2.0-nts;C:\ProgramData\ComposerSetup\bin;C:\Program Files\swift\icu-69.1\usr\bin;C:\Program Files\swift\runtime-development\usr\bin;C:\Library\Developer\Toolchains\unknown-Asserts-development.xctoolchain\usr\bin;C:\Users\waros\AppData\Local\Programs\Python\Python310\Scripts;C:\Users\waros\AppData\Local\Programs\Python\Python310;C:\Program Files\Java\jdk-20\bin;C:\Program Files\Azure Data Studio\bin;C:\Program Files (x86)\Microsoft SQL Server\160\DTS\Binn\;C:\Users\waros\AppData\Roaming\npm;C:\Program Files\nodejs\;C:\Program Files\Go\bin;C:\Program Files (x86)\NVIDIA Corporation\PhysX\Common;C:\Program Files\Docker\Docker\resources\bin;C:\Program Files\MySQL\MySQL Shell 8.0\bin\;C:\Users\waros\AppData\Local\Microsoft\WindowsApps;C:\Users\waros\AppData\Local\Programs\Microsoft VS Code\bin;C:\Program Files\PostgreSQL\15\bin;C:\php-8.2.0-nts;C:\Users\waros\AppData\Roaming\Composer\vendor\bin;C:\Users\waros\AppData\Local\Programs\Python\Python310;C:\Users\waros\AppData\Local\Programs\Python\Python310\Scripts;C:\Program Files\Java\jdk-20\bin;;C:\Program Files\Azure Data Studio\bin;C:\Users\waros\AppData\Roaming\npm;C:\Users\waros\go\bin" "gcc -IC:/Ruby32-x64/include/ruby-3.2.0/x64-mingw-ucrt -IC:/Ruby32-x64/include/ruby-3.2.0/ruby/backward -IC:/Ruby32-x64/include/ruby-3.2.0 -I. -ID:/develop/markdown/backend/vendor/bundle/ruby/3.2.0/gems/debase-ruby_core_source-3.3.1/lib/debase/ruby_core_source/ruby-3.2.0-p0 -O3 -fno-fast-math -fstack-protector-strong -m64  -c conftest.c"
checked program was:
/* begin */
1: #include "ruby.h"
2: 
3: #include <winsock2.h>
4: #include <windows.h>
5: #include <version.h>
/* end */

--------------------

have_header: checking for vm_core.h... -------------------- yes

PATH=".;C:/Ruby32-x64/lib;C:\Ruby32-x64\bin;C:\Ruby32-x64\msys64\ucrt64\bin;C:\Ruby32-x64\msys64\usr\bin;C:\Ruby32-x64\bin;C:\Program Files\Common Files\Oracle\Java\javapath;C:\Program Files (x86)\Common Files\Oracle\Java\javapath;C:\Windows\system32;C:\Windows;C:\Windows\System32\Wbem;C:\Windows\System32\WindowsPowerShell\v1.0\;C:\Windows\System32\OpenSSH\;C:\Program Files\NVIDIA Corporation\NVIDIA NvDLISR;C:\WINDOWS\system32;C:\WINDOWS;C:\WINDOWS\System32\Wbem;C:\WINDOWS\System32\WindowsPowerShell\v1.0\;C:\WINDOWS\System32\OpenSSH\;C:\Program Files (x86)\dotnet\;C:\Program Files\dotnet\;C:\Program Files\Git\cmd;C:\Program Files\Microsoft SQL Server\Client SDK\ODBC\170\Tools\Binn\;C:\Program Files (x86)\Microsoft SQL Server\150\Tools\Binn\;C:\Program Files\Microsoft SQL Server\150\Tools\Binn\;C:\Program Files\Microsoft SQL Server\150\DTS\Binn\;C:\Program Files\PostgreSQL\15\bin;C:\php-8.2.0-nts;C:\ProgramData\ComposerSetup\bin;C:\Program Files\swift\icu-69.1\usr\bin;C:\Program Files\swift\runtime-development\usr\bin;C:\Library\Developer\Toolchains\unknown-Asserts-development.xctoolchain\usr\bin;C:\Users\waros\AppData\Local\Programs\Python\Python310\Scripts;C:\Users\waros\AppData\Local\Programs\Python\Python310;C:\Program Files\Java\jdk-20\bin;C:\Program Files\Azure Data Studio\bin;C:\Program Files (x86)\Microsoft SQL Server\160\DTS\Binn\;C:\Users\waros\AppData\Roaming\npm;C:\Program Files\nodejs\;C:\Program Files\Go\bin;C:\Program Files (x86)\NVIDIA Corporation\PhysX\Common;C:\Program Files\Docker\Docker\resources\bin;C:\Program Files\MySQL\MySQL Shell 8.0\bin\;C:\Users\waros\AppData\Local\Microsoft\WindowsApps;C:\Users\waros\AppData\Local\Programs\Microsoft VS Code\bin;C:\Program Files\PostgreSQL\15\bin;C:\php-8.2.0-nts;C:\Users\waros\AppData\Roaming\Composer\vendor\bin;C:\Users\waros\AppData\Local\Programs\Python\Python310;C:\Users\waros\AppData\Local\Programs\Python\Python310\Scripts;C:\Program Files\Java\jdk-20\bin;;C:\Program Files\Azure Data Studio\bin;C:\Users\waros\AppData\Roaming\npm;C:\Users\waros\go\bin" "gcc -IC:/Ruby32-x64/include/ruby-3.2.0/x64-mingw-ucrt -IC:/Ruby32-x64/include/ruby-3.2.0/ruby/backward -IC:/Ruby32-x64/include/ruby-3.2.0 -I. -ID:/develop/markdown/backend/vendor/bundle/ruby/3.2.0/gems/debase-ruby_core_source-3.3.1/lib/debase/ruby_core_source/ruby-3.2.0-p0 -O3 -fno-fast-math -fstack-protector-strong -m64  -c conftest.c"
checked program was:
/* begin */
1: #include "ruby.h"
2: 
3: #include <winsock2.h>
4: #include <windows.h>
5: #include <vm_core.h>
/* end */

--------------------

have_header: checking for vm_insnhelper.h... -------------------- no

PATH=".;C:/Ruby32-x64/lib;C:\Ruby32-x64\bin;C:\Ruby32-x64\msys64\ucrt64\bin;C:\Ruby32-x64\msys64\usr\bin;C:\Ruby32-x64\bin;C:\Program Files\Common Files\Oracle\Java\javapath;C:\Program Files (x86)\Common Files\Oracle\Java\javapath;C:\Windows\system32;C:\Windows;C:\Windows\System32\Wbem;C:\Windows\System32\WindowsPowerShell\v1.0\;C:\Windows\System32\OpenSSH\;C:\Program Files\NVIDIA Corporation\NVIDIA NvDLISR;C:\WINDOWS\system32;C:\WINDOWS;C:\WINDOWS\System32\Wbem;C:\WINDOWS\System32\WindowsPowerShell\v1.0\;C:\WINDOWS\System32\OpenSSH\;C:\Program Files (x86)\dotnet\;C:\Program Files\dotnet\;C:\Program Files\Git\cmd;C:\Program Files\Microsoft SQL Server\Client SDK\ODBC\170\Tools\Binn\;C:\Program Files (x86)\Microsoft SQL Server\150\Tools\Binn\;C:\Program Files\Microsoft SQL Server\150\Tools\Binn\;C:\Program Files\Microsoft SQL Server\150\DTS\Binn\;C:\Program Files\PostgreSQL\15\bin;C:\php-8.2.0-nts;C:\ProgramData\ComposerSetup\bin;C:\Program Files\swift\icu-69.1\usr\bin;C:\Program Files\swift\runtime-development\usr\bin;C:\Library\Developer\Toolchains\unknown-Asserts-development.xctoolchain\usr\bin;C:\Users\waros\AppData\Local\Programs\Python\Python310\Scripts;C:\Users\waros\AppData\Local\Programs\Python\Python310;C:\Program Files\Java\jdk-20\bin;C:\Program Files\Azure Data Studio\bin;C:\Program Files (x86)\Microsoft SQL Server\160\DTS\Binn\;C:\Users\waros\AppData\Roaming\npm;C:\Program Files\nodejs\;C:\Program Files\Go\bin;C:\Program Files (x86)\NVIDIA Corporation\PhysX\Common;C:\Program Files\Docker\Docker\resources\bin;C:\Program Files\MySQL\MySQL Shell 8.0\bin\;C:\Users\waros\AppData\Local\Microsoft\WindowsApps;C:\Users\waros\AppData\Local\Programs\Microsoft VS Code\bin;C:\Program Files\PostgreSQL\15\bin;C:\php-8.2.0-nts;C:\Users\waros\AppData\Roaming\Composer\vendor\bin;C:\Users\waros\AppData\Local\Programs\Python\Python310;C:\Users\waros\AppData\Local\Programs\Python\Python310\Scripts;C:\Program Files\Java\jdk-20\bin;;C:\Program Files\Azure Data Studio\bin;C:\Users\waros\AppData\Roaming\npm;C:\Users\waros\go\bin" "gcc -IC:/Ruby32-x64/include/ruby-3.2.0/x64-mingw-ucrt -IC:/Ruby32-x64/include/ruby-3.2.0/ruby/backward -IC:/Ruby32-x64/include/ruby-3.2.0 -I. -ID:/develop/markdown/backend/vendor/bundle/ruby/3.2.0/gems/debase-ruby_core_source-3.3.1/lib/debase/ruby_core_source/ruby-3.2.0-p0 -O3 -fno-fast-math -fstack-protector-strong -m64  -c conftest.c"
In file included from conftest.c:5:
D:/develop/markdown/backend/vendor/bundle/ruby/3.2.0/gems/debase-ruby_core_source-3.3.1/lib/debase/ruby_core_source/ruby-3.2.0-p0/vm_insnhelper.h:17:13: error: unknown type name 'rb_serial_t'
   17 | RUBY_EXTERN rb_serial_t ruby_vm_constant_cache_invalidations;
      |             ^~~~~~~~~~~
D:/develop/markdown/backend/vendor/bundle/ruby/3.2.0/gems/debase-ruby_core_source-3.3.1/lib/debase/ruby_core_source/ruby-3.2.0-p0/vm_insnhelper.h:18:13: error: unknown type name 'rb_serial_t'
   18 | RUBY_EXTERN rb_serial_t ruby_vm_constant_cache_misses;
      |             ^~~~~~~~~~~
D:/develop/markdown/backend/vendor/bundle/ruby/3.2.0/gems/debase-ruby_core_source-3.3.1/lib/debase/ruby_core_source/ruby-3.2.0-p0/vm_insnhelper.h:19:13: error: unknown type name 'rb_serial_t'
   19 | RUBY_EXTERN rb_serial_t ruby_vm_global_cvar_state;
      |             ^~~~~~~~~~~
D:/develop/markdown/backend/vendor/bundle/ruby/3.2.0/gems/debase-ruby_core_source-3.3.1/lib/debase/ruby_core_source/ruby-3.2.0-p0/vm_insnhelper.h:128:48: error: unknown type name 'vm_call_handler'; did you mean '_purecall_handler'?
  128 | CC_SET_FASTPATH(const struct rb_callcache *cc, vm_call_handler func, bool enabled)
      |                                                ^~~~~~~~~~~~~~~
      |                                                _purecall_handler
D:/develop/markdown/backend/vendor/bundle/ruby/3.2.0/gems/debase-ruby_core_source-3.3.1/lib/debase/ruby_core_source/ruby-3.2.0-p0/vm_insnhelper.h:188:33: error: unknown type name 'rb_control_frame_t'
  188 | THROW_DATA_NEW(VALUE val, const rb_control_frame_t *cf, int st)
      |                                 ^~~~~~~~~~~~~~~~~~
D:/develop/markdown/backend/vendor/bundle/ruby/3.2.0/gems/debase-ruby_core_source-3.3.1/lib/debase/ruby_core_source/ruby-3.2.0-p0/vm_insnhelper.h: In function 'THROW_DATA_NEW':
D:/develop/markdown/backend/vendor/bundle/ruby/3.2.0/gems/debase-ruby_core_source-3.3.1/lib/debase/ruby_core_source/ruby-3.2.0-p0/vm_insnhelper.h:190:57: warning: implicit declaration of function 'rb_imemo_new'; did you mean 'rb_time_new'? [-Wimplicit-function-declaration]
  190 |     struct vm_throw_data *obj = (struct vm_throw_data *)rb_imemo_new(imemo_throw_data, val, (VALUE)cf, 0, 0);
      |                                                         ^~~~~~~~~~~~
      |                                                         rb_time_new
D:/develop/markdown/backend/vendor/bundle/ruby/3.2.0/gems/debase-ruby_core_source-3.3.1/lib/debase/ruby_core_source/ruby-3.2.0-p0/vm_insnhelper.h:190:70: error: 'imemo_throw_data' undeclared (first use in this function); did you mean 'vm_throw_data'?
  190 |     struct vm_throw_data *obj = (struct vm_throw_data *)rb_imemo_new(imemo_throw_data, val, (VALUE)cf, 0, 0);
      |                                                                      ^~~~~~~~~~~~~~~~
      |                                                                      vm_throw_data
D:/develop/markdown/backend/vendor/bundle/ruby/3.2.0/gems/debase-ruby_core_source-3.3.1/lib/debase/ruby_core_source/ruby-3.2.0-p0/vm_insnhelper.h:190:70: note: each undeclared identifier is reported only once for each function it appears in
D:/develop/markdown/backend/vendor/bundle/ruby/3.2.0/gems/debase-ruby_core_source-3.3.1/lib/debase/ruby_core_source/ruby-3.2.0-p0/vm_insnhelper.h:191:8: error: invalid use of undefined type 'struct vm_throw_data'
  191 |     obj->throw_state = st;
      |        ^~
D:/develop/markdown/backend/vendor/bundle/ruby/3.2.0/gems/debase-ruby_core_source-3.3.1/lib/debase/ruby_core_source/ruby-3.2.0-p0/vm_insnhelper.h: In function 'THROW_DATA_VAL':
D:/develop/markdown/backend/vendor/bundle/ruby/3.2.0/gems/debase-ruby_core_source-3.3.1/lib/debase/ruby_core_source/ruby-3.2.0-p0/vm_insnhelper.h:198:5: warning: implicit declaration of function 'VM_ASSERT'; did you mean 'C_ASSERT'? [-Wimplicit-function-declaration]
  198 |     VM_ASSERT(THROW_DATA_P(obj));
      |     ^~~~~~~~~
      |     C_ASSERT
D:/develop/markdown/backend/vendor/bundle/ruby/3.2.0/gems/debase-ruby_core_source-3.3.1/lib/debase/ruby_core_source/ruby-3.2.0-p0/vm_insnhelper.h:198:15: warning: implicit declaration of function 'THROW_DATA_P'; did you mean 'THROW_DATA_VAL'? [-Wimplicit-function-declaration]
  198 |     VM_ASSERT(THROW_DATA_P(obj));
      |               ^~~~~~~~~~~~
      |               THROW_DATA_VAL
D:/develop/markdown/backend/vendor/bundle/ruby/3.2.0/gems/debase-ruby_core_source-3.3.1/lib/debase/ruby_core_source/ruby-3.2.0-p0/vm_insnhelper.h:199:15: error: invalid use of undefined type 'const struct vm_throw_data'
  199 |     return obj->throw_obj;
      |               ^~
D:/develop/markdown/backend/vendor/bundle/ruby/3.2.0/gems/debase-ruby_core_source-3.3.1/lib/debase/ruby_core_source/ruby-3.2.0-p0/vm_insnhelper.h: At top level:
D:/develop/markdown/backend/vendor/bundle/ruby/3.2.0/gems/debase-ruby_core_source-3.3.1/lib/debase/ruby_core_source/ruby-3.2.0-p0/vm_insnhelper.h:202:21: error: unknown type name 'rb_control_frame_t'
  202 | static inline const rb_control_frame_t *
      |                     ^~~~~~~~~~~~~~~~~~
D:/develop/markdown/backend/vendor/bundle/ruby/3.2.0/gems/debase-ruby_core_source-3.3.1/lib/debase/ruby_core_source/ruby-3.2.0-p0/vm_insnhelper.h: In function 'THROW_DATA_CATCH_FRAME':
D:/develop/markdown/backend/vendor/bundle/ruby/3.2.0/gems/debase-ruby_core_source-3.3.1/lib/debase/ruby_core_source/ruby-3.2.0-p0/vm_insnhelper.h:206:15: error: invalid use of undefined type 'const struct vm_throw_data'
  206 |     return obj->catch_frame;
      |               ^~
D:/develop/markdown/backend/vendor/bundle/ruby/3.2.0/gems/debase-ruby_core_source-3.3.1/lib/debase/ruby_core_source/ruby-3.2.0-p0/vm_insnhelper.h: In function 'THROW_DATA_STATE':
D:/develop/markdown/backend/vendor/bundle/ruby/3.2.0/gems/debase-ruby_core_source-3.3.1/lib/debase/ruby_core_source/ruby-3.2.0-p0/vm_insnhelper.h:213:15: error: invalid use of undefined type 'const struct vm_throw_data'
  213 |     return obj->throw_state;
      |               ^~
D:/develop/markdown/backend/vendor/bundle/ruby/3.2.0/gems/debase-ruby_core_source-3.3.1/lib/debase/ruby_core_source/ruby-3.2.0-p0/vm_insnhelper.h: In function 'THROW_DATA_CONSUMED_P':
D:/develop/markdown/backend/vendor/bundle/ruby/3.2.0/gems/debase-ruby_core_source-3.3.1/lib/debase/ruby_core_source/ruby-3.2.0-p0/vm_insnhelper.h:220:15: error: invalid use of undefined type 'const struct vm_throw_data'
  220 |     return obj->flags & THROW_DATA_CONSUMED;
      |               ^~
D:/develop/markdown/backend/vendor/bundle/ruby/3.2.0/gems/debase-ruby_core_source-3.3.1/lib/debase/ruby_core_source/ruby-3.2.0-p0/vm_insnhelper.h:220:25: error: 'THROW_DATA_CONSUMED' undeclared (first use in this function); did you mean 'THROW_DATA_CONSUMED_P'?
  220 |     return obj->flags & THROW_DATA_CONSUMED;
      |                         ^~~~~~~~~~~~~~~~~~~
      |                         THROW_DATA_CONSUMED_P
D:/develop/markdown/backend/vendor/bundle/ruby/3.2.0/gems/debase-ruby_core_source-3.3.1/lib/debase/ruby_core_source/ruby-3.2.0-p0/vm_insnhelper.h: At top level:
D:/develop/markdown/backend/vendor/bundle/ruby/3.2.0/gems/debase-ruby_core_source-3.3.1/lib/debase/ruby_core_source/ruby-3.2.0-p0/vm_insnhelper.h:224:61: error: unknown type name 'rb_control_frame_t'
  224 | THROW_DATA_CATCH_FRAME_SET(struct vm_throw_data *obj, const rb_control_frame_t *cfp)
      |                                                             ^~~~~~~~~~~~~~~~~~
D:/develop/markdown/backend/vendor/bundle/ruby/3.2.0/gems/debase-ruby_core_source-3.3.1/lib/debase/ruby_core_source/ruby-3.2.0-p0/vm_insnhelper.h: In function 'THROW_DATA_CATCH_FRAME_SET':
D:/develop/markdown/backend/vendor/bundle/ruby/3.2.0/gems/debase-ruby_core_source-3.3.1/lib/debase/ruby_core_source/ruby-3.2.0-p0/vm_insnhelper.h:227:8: error: invalid use of undefined type 'struct vm_throw_data'
  227 |     obj->catch_frame = cfp;
      |        ^~
D:/develop/markdown/backend/vendor/bundle/ruby/3.2.0/gems/debase-ruby_core_source-3.3.1/lib/debase/ruby_core_source/ruby-3.2.0-p0/vm_insnhelper.h: In function 'THROW_DATA_STATE_SET':
D:/develop/markdown/backend/vendor/bundle/ruby/3.2.0/gems/debase-ruby_core_source-3.3.1/lib/debase/ruby_core_source/ruby-3.2.0-p0/vm_insnhelper.h:234:8: error: invalid use of undefined type 'struct vm_throw_data'
  234 |     obj->throw_state = st;
      |        ^~
D:/develop/markdown/backend/vendor/bundle/ruby/3.2.0/gems/debase-ruby_core_source-3.3.1/lib/debase/ruby_core_source/ruby-3.2.0-p0/vm_insnhelper.h: In function 'THROW_DATA_CONSUMED_SET':
D:/develop/markdown/backend/vendor/bundle/ruby/3.2.0/gems/debase-ruby_core_source-3.3.1/lib/debase/ruby_core_source/ruby-3.2.0-p0/vm_insnhelper.h:241:34: error: 'TAG_BREAK' undeclared (first use in this function); did you mean 'EV_BREAK'?
  241 |         THROW_DATA_STATE(obj) == TAG_BREAK) {
      |                                  ^~~~~~~~~
      |                                  EV_BREAK
D:/develop/markdown/backend/vendor/bundle/ruby/3.2.0/gems/debase-ruby_core_source-3.3.1/lib/debase/ruby_core_source/ruby-3.2.0-p0/vm_insnhelper.h:242:12: error: invalid use of undefined type 'struct vm_throw_data'
  242 |         obj->flags |= THROW_DATA_CONSUMED;
      |            ^~
D:/develop/markdown/backend/vendor/bundle/ruby/3.2.0/gems/debase-ruby_core_source-3.3.1/lib/debase/ruby_core_source/ruby-3.2.0-p0/vm_insnhelper.h:242:23: error: 'THROW_DATA_CONSUMED' undeclared (first use in this function); did you mean 'THROW_DATA_CONSUMED_P'?
  242 |         obj->flags |= THROW_DATA_CONSUMED;
      |                       ^~~~~~~~~~~~~~~~~~~
      |                       THROW_DATA_CONSUMED_P
D:/develop/markdown/backend/vendor/bundle/ruby/3.2.0/gems/debase-ruby_core_source-3.3.1/lib/debase/ruby_core_source/ruby-3.2.0-p0/vm_insnhelper.h: At top level:
D:/develop/markdown/backend/vendor/bundle/ruby/3.2.0/gems/debase-ruby_core_source-3.3.1/lib/debase/ruby_core_source/ruby-3.2.0-p0/vm_insnhelper.h:253:62: warning: 'struct rb_callcache' declared inside parameter list will not be visible outside of this definition or declaration
  253 | vm_call_cacheable(const struct rb_callinfo *ci, const struct rb_callcache *cc)
      |                                                              ^~~~~~~~~~~~
D:/develop/markdown/backend/vendor/bundle/ruby/3.2.0/gems/debase-ruby_core_source-3.3.1/lib/debase/ruby_core_source/ruby-3.2.0-p0/vm_insnhelper.h:253:32: warning: 'struct rb_callinfo' declared inside parameter list will not be visible outside of this definition or declaration
  253 | vm_call_cacheable(const struct rb_callinfo *ci, const struct rb_callcache *cc)
      |                                ^~~~~~~~~~~
D:/develop/markdown/backend/vendor/bundle/ruby/3.2.0/gems/debase-ruby_core_source-3.3.1/lib/debase/ruby_core_source/ruby-3.2.0-p0/vm_insnhelper.h: In function 'vm_call_cacheable':
D:/develop/markdown/backend/vendor/bundle/ruby/3.2.0/gems/debase-ruby_core_source-3.3.1/lib/debase/ruby_core_source/ruby-3.2.0-p0/vm_insnhelper.h:255:13: warning: implicit declaration of function 'vm_ci_flag' [-Wimplicit-function-declaration]
  255 |     return (vm_ci_flag(ci) & VM_CALL_FCALL) ||
      |             ^~~~~~~~~~
D:/develop/markdown/backend/vendor/bundle/ruby/3.2.0/gems/debase-ruby_core_source-3.3.1/lib/debase/ruby_core_source/ruby-3.2.0-p0/vm_insnhelper.h:255:30: error: 'VM_CALL_FCALL' undeclared (first use in this function)
  255 |     return (vm_ci_flag(ci) & VM_CALL_FCALL) ||
      |                              ^~~~~~~~~~~~~
D:/develop/markdown/backend/vendor/bundle/ruby/3.2.0/gems/debase-ruby_core_source-3.3.1/lib/debase/ruby_core_source/ruby-3.2.0-p0/vm_insnhelper.h:256:9: warning: implicit declaration of function 'METHOD_ENTRY_VISI' [-Wimplicit-function-declaration]
  256 |         METHOD_ENTRY_VISI(vm_cc_cme(cc)) != METHOD_VISI_PROTECTED;
      |         ^~~~~~~~~~~~~~~~~
D:/develop/markdown/backend/vendor/bundle/ruby/3.2.0/gems/debase-ruby_core_source-3.3.1/lib/debase/ruby_core_source/ruby-3.2.0-p0/vm_insnhelper.h:256:27: warning: implicit declaration of function 'vm_cc_cme' [-Wimplicit-function-declaration]
  256 |         METHOD_ENTRY_VISI(vm_cc_cme(cc)) != METHOD_VISI_PROTECTED;
      |                           ^~~~~~~~~
D:/develop/markdown/backend/vendor/bundle/ruby/3.2.0/gems/debase-ruby_core_source-3.3.1/lib/debase/ruby_core_source/ruby-3.2.0-p0/vm_insnhelper.h:256:45: error: 'METHOD_VISI_PROTECTED' undeclared (first use in this function)
  256 |         METHOD_ENTRY_VISI(vm_cc_cme(cc)) != METHOD_VISI_PROTECTED;
      |                                             ^~~~~~~~~~~~~~~~~~~~~
D:/develop/markdown/backend/vendor/bundle/ruby/3.2.0/gems/debase-ruby_core_source-3.3.1/lib/debase/ruby_core_source/ruby-3.2.0-p0/vm_insnhelper.h: At top level:
D:/develop/markdown/backend/vendor/bundle/ruby/3.2.0/gems/debase-ruby_core_source-3.3.1/lib/debase/ruby_core_source/ruby-3.2.0-p0/vm_insnhelper.h:261:71: warning: 'struct rb_callcache' declared inside parameter list will not be visible outside of this definition or declaration
  261 | vm_call_iseq_optimizable_p(const struct rb_callinfo *ci, const struct rb_callcache *cc)
      |                                                                       ^~~~~~~~~~~~
D:/develop/markdown/backend/vendor/bundle/ruby/3.2.0/gems/debase-ruby_core_source-3.3.1/lib/debase/ruby_core_source/ruby-3.2.0-p0/vm_insnhelper.h:261:41: warning: 'struct rb_callinfo' declared inside parameter list will not be visible outside of this definition or declaration
  261 | vm_call_iseq_optimizable_p(const struct rb_callinfo *ci, const struct rb_callcache *cc)
      |                                         ^~~~~~~~~~~
D:/develop/markdown/backend/vendor/bundle/ruby/3.2.0/gems/debase-ruby_core_source-3.3.1/lib/debase/ruby_core_source/ruby-3.2.0-p0/vm_insnhelper.h: In function 'vm_call_iseq_optimizable_p':
D:/develop/markdown/backend/vendor/bundle/ruby/3.2.0/gems/debase-ruby_core_source-3.3.1/lib/debase/ruby_core_source/ruby-3.2.0-p0/vm_insnhelper.h:246:54: error: 'VM_CALL_ARGS_SPLAT' undeclared (first use in this function)
  246 | #define IS_ARGS_SPLAT(ci)          (vm_ci_flag(ci) & VM_CALL_ARGS_SPLAT)
      |                                                      ^~~~~~~~~~~~~~~~~~
D:/develop/markdown/backend/vendor/bundle/ruby/3.2.0/gems/debase-ruby_core_source-3.3.1/lib/debase/ruby_core_source/ruby-3.2.0-p0/vm_insnhelper.h:246:54: note: in definition of macro 'IS_ARGS_SPLAT'
  246 | #define IS_ARGS_SPLAT(ci)          (vm_ci_flag(ci) & VM_CALL_ARGS_SPLAT)
      |                                                      ^~~~~~~~~~~~~~~~~~
D:/develop/markdown/backend/vendor/bundle/ruby/3.2.0/gems/debase-ruby_core_source-3.3.1/lib/debase/ruby_core_source/ruby-3.2.0-p0/vm_insnhelper.h:247:54: error: 'VM_CALL_KWARG' undeclared (first use in this function)
  247 | #define IS_ARGS_KEYWORD(ci)        (vm_ci_flag(ci) & VM_CALL_KWARG)
      |                                                      ^~~~~~~~~~~~~
D:/develop/markdown/backend/vendor/bundle/ruby/3.2.0/gems/debase-ruby_core_source-3.3.1/lib/debase/ruby_core_source/ruby-3.2.0-p0/vm_insnhelper.h:247:54: note: in definition of macro 'IS_ARGS_KEYWORD'
  247 | #define IS_ARGS_KEYWORD(ci)        (vm_ci_flag(ci) & VM_CALL_KWARG)
      |                                                      ^~~~~~~~~~~~~
D:/develop/markdown/backend/vendor/bundle/ruby/3.2.0/gems/debase-ruby_core_source-3.3.1/lib/debase/ruby_core_source/ruby-3.2.0-p0/vm_insnhelper.h:263:76: warning: passing argument 1 of 'vm_call_cacheable' from incompatible pointer type [-Wincompatible-pointer-types]
  263 |     return !IS_ARGS_SPLAT(ci) && !IS_ARGS_KEYWORD(ci) && vm_call_cacheable(ci, cc);
      |                                                                            ^~
      |                                                                            |
      |                                                                            const struct rb_callinfo *
D:/develop/markdown/backend/vendor/bundle/ruby/3.2.0/gems/debase-ruby_core_source-3.3.1/lib/debase/ruby_core_source/ruby-3.2.0-p0/vm_insnhelper.h:253:45: note: expected 'const struct rb_callinfo *' but argument is of type 'const struct rb_callinfo *'
  253 | vm_call_cacheable(const struct rb_callinfo *ci, const struct rb_callcache *cc)
      |                   ~~~~~~~~~~~~~~~~~~~~~~~~~~^~
D:/develop/markdown/backend/vendor/bundle/ruby/3.2.0/gems/debase-ruby_core_source-3.3.1/lib/debase/ruby_core_source/ruby-3.2.0-p0/vm_insnhelper.h:263:80: warning: passing argument 2 of 'vm_call_cacheable' from incompatible pointer type [-Wincompatible-pointer-types]
  263 |     return !IS_ARGS_SPLAT(ci) && !IS_ARGS_KEYWORD(ci) && vm_call_cacheable(ci, cc);
      |                                                                                ^~
      |                                                                                |
      |                                                                                const struct rb_callcache *
D:/develop/markdown/backend/vendor/bundle/ruby/3.2.0/gems/debase-ruby_core_source-3.3.1/lib/debase/ruby_core_source/ruby-3.2.0-p0/vm_insnhelper.h:253:76: note: expected 'const struct rb_callcache *' but argument is of type 'const struct rb_callcache *'
  253 | vm_call_cacheable(const struct rb_callinfo *ci, const struct rb_callcache *cc)
      |                                                 ~~~~~~~~~~~~~~~~~~~~~~~~~~~^~
checked program was:
/* begin */
1: #include "ruby.h"
2: 
3: #include <winsock2.h>
4: #include <windows.h>
5: #include <vm_insnhelper.h>
/* end */

--------------------

